<?xml version="1.0" encoding="UTF-8"?>
<!-- Generated by org.testng.reporters.JUnitReportReporter -->
<testsuite hostname="DESKTOP-K0AK88J" failures="0" tests="3" name="PersistentSystems.Assignment" time="74.655" errors="0" timestamp="31 Mar 2021 15:05:05 GMT" skipped="0">
  <testcase classname="PersistentSystems.Assignment" name="NaviD" time="11.871"/>
  <testcase classname="PersistentSystems.Assignment" name="NaviD" time="14.032"/>
  <testcase classname="PersistentSystems.Assignment" name="NaviD" time="48.752"/>
</testsuite> <!-- PersistentSystems.Assignment -->
